{"message":"GET /users/1","level":"info"}
{"message":"GET /","level":"info"}
{"message":"GET /users/","level":"info"}
{"message":"Fetching all users","level":"info"}
{"message":"GET /users/1","level":"info"}
{"message":"Fetching user with id 1","level":"info"}
{"message":"Cannot find user with id 1","level":"error"}
{"message":"Fetching all users","level":"info"}
{"message":"Fetching user with id 1","level":"info"}
{"message":"Cannot find user with id 1","level":"error"}
{"message":"GET /","level":"info"}
{"message":"GET /users/","level":"info"}
{"message":"Fetching all users","level":"info"}
{"message":"GET /users/","level":"info"}
{"message":"Fetching all users","level":"info"}
{"message":"GET /users/1","level":"info"}
{"message":"Fetching user with id 1","level":"info"}
{"message":"Cannot find user with id 1","level":"error"}
{"message":"Listening on port 1234","level":"info"}
{"message":"Listening on port 1234","level":"info"}
{"message":"GET /users/","level":"info"}
{"message":"Fetching all users","level":"info"}
{"message":"GET /users/4","level":"info"}
{"message":"Fetching user with id 4","level":"info"}
{"message":"Cannot find user with id 4","level":"error"}
{"message":"Listening on port 1234","level":"info"}
{"message":"Listening on port 1234","level":"info"}
{"message":"Listening on port 1234","level":"info"}
{"message":"Listening on port 1234","level":"info"}
{"message":"Listening on port 1234","level":"info"}
{"message":"Listening on port 1234","level":"info"}
{"message":"GET /users/4","level":"info"}
{"message":"Fetching user with id 4","level":"info"}
{"message":"Cannot find user with id 4","level":"error"}
{"message":"Listening on port 1234","level":"info"}
{"message":"GET /favicon.ico","level":"info"}
{"message":"Listening on port 1234","level":"info"}
{"message":"Listening on port 1234","level":"info"}
{"message":"GET /","level":"info"}
{"message":"GET /favicon.ico","level":"info"}
{"message":"GET /users","level":"info"}
{"message":"Fetching all users","level":"info"}
{"message":"GET /users/4","level":"info"}
{"message":"Fetching user with id 4","level":"info"}
{"message":"Cannot find user with id 4","level":"error"}
{"message":"Listening on port 1234","level":"info"}
{"message":"GET /users","level":"info"}
{"message":"Fetching all users","level":"info"}
{"message":"GET /users/4","level":"info"}
{"message":"Fetching user with id 4","level":"info"}
{"message":"Cannot find user with id 4","level":"error"}
{"message":"Listening on port 1234","level":"info"}
{"message":"Listening on port 1234","level":"info"}
{"message":"GET /users/4","level":"info"}
{"message":"Fetching user with id 4","level":"info"}
{"message":"Cannot find user with id 4","level":"error"}
{"message":"Listening on port 1234","level":"info"}
{"message":"Listening on port 1234","level":"info"}
{"message":"Listening on port 1234","level":"info"}
{"message":"Listening on port 1234","level":"info"}
{"message":"Listening on port 1234","level":"info"}
{"message":"Listening on port 1234","level":"info"}
{"message":"Listening on port 1234","level":"info"}
{"message":"Listening on port 1234","level":"info"}
{"message":"Listening on port 1234","level":"info"}
{"message":"Listening on port 1234","level":"info"}
{"message":"Listening on port 1234","level":"info"}
{"message":"Listening on port 1234","level":"info"}
{"message":"Listening on port 1234","level":"info"}
{"message":"Listening on port 1234","level":"info"}
{"message":"Listening on port 1234","level":"info"}
{"message":"GET /users","level":"info"}
{"message":"Fetching all users","level":"info"}
{"message":"Listening on port 1234","level":"info"}
{"message":"Listening on port 1234","level":"info"}
{"message":"POST /users/4","level":"info"}
{"message":"Listening on port 1234","level":"info"}
{"message":"POST /users/","level":"info"}
{"message":"POST /users/","level":"info"}
{"message":"Listening on port 1234","level":"info"}
{"message":"Listening on port 1234","level":"info"}
{"message":"Listening on port 1234","level":"info"}
{"message":"Listening on port 1234","level":"info"}
{"message":"POST /users/","level":"info"}
{"message":"Listening on port 1234","level":"info"}
{"message":"POST /users/","level":"info"}
{"message":"Listening on port 1234","level":"info"}
{"message":"Listening on port 1234","level":"info"}
{"message":"Listening on port 1234","level":"info"}
{"message":"Listening on port 1234","level":"info"}
{"message":"POST /users/","level":"info"}
{"message":"Listening on port 1234","level":"info"}
{"message":"Listening on port 1234","level":"info"}
{"message":"Listening on port 1234","level":"info"}
{"message":"Listening on port 1234","level":"info"}
{"message":"POST /users/","level":"info"}
{"message":"Listening on port 1234","level":"info"}
{"message":"POST /users/","level":"info"}
{"message":"Listening on port 1234","level":"info"}
{"message":"Listening on port 1234","level":"info"}
{"message":"POST /users/","level":"info"}
{"message":"POST /users/","level":"info"}
{"message":"Listening on port 1234","level":"info"}
{"message":"Listening on port 1234","level":"info"}
{"message":"Listening on port 1234","level":"info"}
{"message":"Listening on port 1234","level":"info"}
{"message":"Listening on port 1234","level":"info"}
{"message":"Listening on port 1234","level":"info"}
{"message":"Listening on port 1234","level":"info"}
{"message":"Listening on port 1234","level":"info"}
{"message":"Listening on port 1234","level":"info"}
{"message":"Listening on port 1234","level":"info"}
{"message":"Listening on port 1234","level":"info"}
{"message":"Listening on port 1234","level":"info"}
{"message":"Listening on port 1234","level":"info"}
{"message":"Listening on port 1234","level":"info"}
{"message":"Listening on port 1234","level":"info"}
{"message":"Listening on port 1234","level":"info"}
{"message":"Listening on port 1234","level":"info"}
{"message":"Listening on port 1234","level":"info"}
{"message":"Listening on port 1234","level":"info"}
{"message":"Listening on port 1234","level":"info"}
{"message":"Listening on port 1234","level":"info"}
{"message":"Listening on port 1234","level":"info"}
{"message":"Listening on port 1234","level":"info"}
{"message":"Listening on port 1234","level":"info"}
{"message":"Listening on port 1234","level":"info"}
{"message":"Listening on port 1234","level":"info"}
{"message":"Listening on port 1234","level":"info"}
{"message":"Listening on port 1234","level":"info"}
{"message":"Listening on port 1234","level":"info"}
{"message":"Listening on port 1234","level":"info"}
{"message":"Listening on port 1234","level":"info"}
{"message":"Listening on port 1234","level":"info"}
{"message":"Listening on port 1234","level":"info"}
{"message":"Listening on port 1234","level":"info"}
{"message":"Listening on port 1234","level":"info"}
{"message":"Listening on port 1234","level":"info"}
{"message":"Listening on port 1234","level":"info"}
{"message":"Listening on port 1234","level":"info"}
{"message":"Listening on port 1234","level":"info"}
{"message":"Listening on port 1234","level":"info"}
{"message":"Listening on port 1234","level":"info"}
{"message":"Listening on port 1234","level":"info"}
{"message":"Listening on port 1234","level":"info"}
{"message":"Listening on port 1234","level":"info"}
{"message":"Listening on port 1234","level":"info"}
{"message":"Listening on port 1234","level":"info"}
{"message":"Listening on port 1234","level":"info"}
{"message":"Listening on port 1234","level":"info"}
{"message":"Listening on port 1234","level":"info"}
{"message":"Listening on port 1234","level":"info"}
{"message":"Listening on port 1234","level":"info"}
{"message":"Listening on port 1234","level":"info"}
{"message":"Listening on port 1234","level":"info"}
{"message":"Listening on port 1234","level":"info"}
{"message":"Listening on port 1234","level":"info"}
{"message":"Listening on port 1234","level":"info"}
{"message":"Listening on port 1234","level":"info"}
{"message":"Listening on port 1234","level":"info"}
{"message":"Listening on port 1234","level":"info"}
{"message":"Listening on port 1234","level":"info"}
{"message":"Listening on port 1234","level":"info"}
{"message":"Listening on port 1234","level":"info"}
{"message":"Listening on port 1234","level":"info"}
{"message":"GET /users/4","level":"info"}
{"message":"Listening on port 1234","level":"info"}
{"message":"GET /users/4","level":"info"}
{"message":"Listening on port 1234","level":"info"}
{"message":"GET /users/4","level":"info"}
{"message":"Fetching user information with id 4","level":"info"}
{"message":"Cannot find the user with id 4","level":"error"}
{"message":"Listening on port 1234","level":"info"}
{"message":"Listening on port 1234","level":"info"}
{"message":"Listening on port 1234","level":"info"}
{"message":"Listening on port 1234","level":"info"}
{"message":"Listening on port 1234","level":"info"}
{"message":"Listening on port 1234","level":"info"}
{"message":"Listening on port 1234","level":"info"}
{"message":"Listening on port 1234","level":"info"}
{"message":"Listening on port 1234","level":"info"}
{"message":"Listening on port 1234","level":"info"}
{"message":"Listening on port 1234","level":"info"}
{"message":"Listening on port 1234","level":"info"}
{"message":"Listening on port 1234","level":"info"}
{"message":"Listening on port 1234","level":"info"}
{"message":"Listening on port 1234","level":"info"}
{"message":"Listening on port 1234","level":"info"}
{"message":"Listening on port 1234","level":"info"}
{"message":"Listening on port 1234","level":"info"}
{"message":"Listening on port 1234","level":"info"}
{"message":"Listening on port 1234","level":"info"}
{"message":"Listening on port 1234","level":"info"}
{"message":"Listening on port 1234","level":"info"}
